{
  "stats": {
    "suites": 22,
    "tests": 69,
    "passes": 69,
    "pending": 0,
    "failures": 0,
    "start": "2021-07-23T21:49:53.201Z",
    "end": "2021-07-23T21:50:39.969Z",
    "duration": 46768,
    "testsRegistered": 69,
    "passPercent": 100,
    "pendingPercent": 0,
    "other": 0,
    "hasOther": false,
    "skipped": 0,
    "hasSkipped": false
  },
  "results": [
    {
      "uuid": "7a833353-9f25-4c00-ba6a-d32cc8dfec86",
      "title": "",
      "fullFile": "cypress/integration/project.spec.js",
      "file": "cypress/integration/project.spec.js",
      "beforeHooks": [],
      "afterHooks": [],
      "tests": [],
      "suites": [
        {
          "uuid": "69dd068c-f596-4280-8374-297ab5ad469e",
          "title": "Trybewarts",
          "fullFile": "",
          "file": "",
          "beforeHooks": [],
          "afterHooks": [],
          "tests": [],
          "suites": [
            {
              "uuid": "501482ae-2224-4696-b99f-0380d73c49da",
              "title": "1 - Crie uma barra verde na parte superior da página",
              "fullFile": "",
              "file": "",
              "beforeHooks": [],
              "afterHooks": [],
              "tests": [
                {
                  "title": "Esta barra deve possuir a classe `header`",
                  "fullTitle": "Trybewarts 1 - Crie uma barra verde na parte superior da página Esta barra deve possuir a classe `header`",
                  "timedOut": null,
                  "duration": 2023,
                  "state": "passed",
                  "speed": "slow",
                  "pass": true,
                  "fail": false,
                  "pending": false,
                  "context": null,
                  "code": "cy.get(TOP_BAR_SELECTOR).should('exist');",
                  "err": {},
                  "uuid": "ed838c62-9df2-4f5f-9822-6c51248e5620",
                  "parentUUID": "501482ae-2224-4696-b99f-0380d73c49da",
                  "isHook": false,
                  "skipped": false
                },
                {
                  "title": "A classe `header` deve determinar que o elemento é um flex container",
                  "fullTitle": "Trybewarts 1 - Crie uma barra verde na parte superior da página A classe `header` deve determinar que o elemento é um flex container",
                  "timedOut": null,
                  "duration": 171,
                  "state": "passed",
                  "speed": "slow",
                  "pass": true,
                  "fail": false,
                  "pending": false,
                  "context": null,
                  "code": "cy.get(TOP_BAR_SELECTOR).should('have.css', 'display', 'flex');",
                  "err": {},
                  "uuid": "9ae0768f-a404-4300-9eb2-11f68c3995c6",
                  "parentUUID": "501482ae-2224-4696-b99f-0380d73c49da",
                  "isHook": false,
                  "skipped": false
                },
                {
                  "title": "A classe header deve possuir a propriedade `background-color: rgb(50, 167, 145)`",
                  "fullTitle": "Trybewarts 1 - Crie uma barra verde na parte superior da página A classe header deve possuir a propriedade `background-color: rgb(50, 167, 145)`",
                  "timedOut": null,
                  "duration": 156,
                  "state": "passed",
                  "speed": "slow",
                  "pass": true,
                  "fail": false,
                  "pending": false,
                  "context": null,
                  "code": "cy.get(TOP_BAR_SELECTOR).should('have.css', 'background-color', 'rgb(50, 167, 145)');",
                  "err": {},
                  "uuid": "580f881a-f907-47ad-b6ec-e2dbcfab296f",
                  "parentUUID": "501482ae-2224-4696-b99f-0380d73c49da",
                  "isHook": false,
                  "skipped": false
                }
              ],
              "suites": [],
              "passes": [
                "ed838c62-9df2-4f5f-9822-6c51248e5620",
                "9ae0768f-a404-4300-9eb2-11f68c3995c6",
                "580f881a-f907-47ad-b6ec-e2dbcfab296f"
              ],
              "failures": [],
              "pending": [],
              "skipped": [],
              "duration": 2350,
              "root": false,
              "rootEmpty": false,
              "_timeout": 2000
            },
            {
              "uuid": "8e73dae4-d239-44d5-8ab8-c986b62c485c",
              "title": "2 - Adicione o logotipo da Trybewarts com a classe `trybewarts-header-logo` no canto esquerdo da barra superior",
              "fullFile": "",
              "file": "",
              "beforeHooks": [],
              "afterHooks": [],
              "tests": [
                {
                  "title": "Deve existir um elemento img com a classe `trybewarts-header-logo`",
                  "fullTitle": "Trybewarts 2 - Adicione o logotipo da Trybewarts com a classe `trybewarts-header-logo` no canto esquerdo da barra superior Deve existir um elemento img com a classe `trybewarts-header-logo`",
                  "timedOut": null,
                  "duration": 195,
                  "state": "passed",
                  "speed": "slow",
                  "pass": true,
                  "fail": false,
                  "pending": false,
                  "context": null,
                  "code": "cy.get(TRYBEWARTS_LOGO_SELECTOR).should('exist');",
                  "err": {},
                  "uuid": "3daa20ba-bdf6-46db-b936-6a16f81fb3a6",
                  "parentUUID": "8e73dae4-d239-44d5-8ab8-c986b62c485c",
                  "isHook": false,
                  "skipped": false
                },
                {
                  "title": "O logotipo deve estar alinhado à esquerda dentro da barra verde",
                  "fullTitle": "Trybewarts 2 - Adicione o logotipo da Trybewarts com a classe `trybewarts-header-logo` no canto esquerdo da barra superior O logotipo deve estar alinhado à esquerda dentro da barra verde",
                  "timedOut": null,
                  "duration": 137,
                  "state": "passed",
                  "speed": "slow",
                  "pass": true,
                  "fail": false,
                  "pending": false,
                  "context": null,
                  "code": "cy.get(TRYBEWARTS_LOGO_SELECTOR).should('be.leftAligned', TOP_BAR_SELECTOR);",
                  "err": {},
                  "uuid": "e3058739-7034-4d4a-982d-8ca63d92db3f",
                  "parentUUID": "8e73dae4-d239-44d5-8ab8-c986b62c485c",
                  "isHook": false,
                  "skipped": false
                },
                {
                  "title": "O atributo src do logotipo deve apontar para images/trybewarts-header-logo.svg",
                  "fullTitle": "Trybewarts 2 - Adicione o logotipo da Trybewarts com a classe `trybewarts-header-logo` no canto esquerdo da barra superior O atributo src do logotipo deve apontar para images/trybewarts-header-logo.svg",
                  "timedOut": null,
                  "duration": 201,
                  "state": "passed",
                  "speed": "slow",
                  "pass": true,
                  "fail": false,
                  "pending": false,
                  "context": null,
                  "code": "cy.get(TRYBEWARTS_LOGO_SELECTOR).should('have.attr', 'src').should('equal', 'images/trybewarts-header-logo.svg');",
                  "err": {},
                  "uuid": "752cb68a-c369-486c-b748-e3f88c30ae25",
                  "parentUUID": "8e73dae4-d239-44d5-8ab8-c986b62c485c",
                  "isHook": false,
                  "skipped": false
                }
              ],
              "suites": [],
              "passes": [
                "3daa20ba-bdf6-46db-b936-6a16f81fb3a6",
                "e3058739-7034-4d4a-982d-8ca63d92db3f",
                "752cb68a-c369-486c-b748-e3f88c30ae25"
              ],
              "failures": [],
              "pending": [],
              "skipped": [],
              "duration": 533,
              "root": false,
              "rootEmpty": false,
              "_timeout": 2000
            },
            {
              "uuid": "b79311ca-68f1-4e87-8660-8908040ddd1b",
              "title": "3 - Acrescente um formulário de autenticação no canto direito da barra superior contendo os inputs de login, de senha e um botão de entrar",
              "fullFile": "",
              "file": "",
              "beforeHooks": [],
              "afterHooks": [],
              "tests": [
                {
                  "title": "Existe um formulário com a classe trybewarts-login",
                  "fullTitle": "Trybewarts 3 - Acrescente um formulário de autenticação no canto direito da barra superior contendo os inputs de login, de senha e um botão de entrar Existe um formulário com a classe trybewarts-login",
                  "timedOut": null,
                  "duration": 240,
                  "state": "passed",
                  "speed": "slow",
                  "pass": true,
                  "fail": false,
                  "pending": false,
                  "context": null,
                  "code": "cy.get(TRYBEWARTS_LOGIN_FORM_SELECTOR).should('exist');",
                  "err": {},
                  "uuid": "50139ce3-a42f-4d7f-88d9-a7d7dc4c561f",
                  "parentUUID": "b79311ca-68f1-4e87-8660-8908040ddd1b",
                  "isHook": false,
                  "skipped": false
                },
                {
                  "title": "O formulário deve estar alinhado à direita dentro da barra verde",
                  "fullTitle": "Trybewarts 3 - Acrescente um formulário de autenticação no canto direito da barra superior contendo os inputs de login, de senha e um botão de entrar O formulário deve estar alinhado à direita dentro da barra verde",
                  "timedOut": null,
                  "duration": 166,
                  "state": "passed",
                  "speed": "slow",
                  "pass": true,
                  "fail": false,
                  "pending": false,
                  "context": null,
                  "code": "cy.get(TOP_BAR_SELECTOR).should('have.css', 'justify-content', 'space-between');",
                  "err": {},
                  "uuid": "cd5edbca-80e4-4265-9572-ef3dccc02e2e",
                  "parentUUID": "b79311ca-68f1-4e87-8660-8908040ddd1b",
                  "isHook": false,
                  "skipped": false
                },
                {
                  "title": "Existem dois inputs e um botão dentro do formulário",
                  "fullTitle": "Trybewarts 3 - Acrescente um formulário de autenticação no canto direito da barra superior contendo os inputs de login, de senha e um botão de entrar Existem dois inputs e um botão dentro do formulário",
                  "timedOut": null,
                  "duration": 166,
                  "state": "passed",
                  "speed": "slow",
                  "pass": true,
                  "fail": false,
                  "pending": false,
                  "context": null,
                  "code": "cy.get(\"\".concat(TRYBEWARTS_LOGIN_FORM_SELECTOR, \" input\")).should(function ($input) {\n  expect($input).to.have.length(2);\n});\ncy.get(\"\".concat(TRYBEWARTS_LOGIN_FORM_SELECTOR, \" button\")).should('exist');",
                  "err": {},
                  "uuid": "26d25e63-9f7a-4508-904e-ec9ecc07b79d",
                  "parentUUID": "b79311ca-68f1-4e87-8660-8908040ddd1b",
                  "isHook": false,
                  "skipped": false
                },
                {
                  "title": "Os inputs deverão conter placeholders com as palavras \"Login\" e \"Senha\", respectivamente",
                  "fullTitle": "Trybewarts 3 - Acrescente um formulário de autenticação no canto direito da barra superior contendo os inputs de login, de senha e um botão de entrar Os inputs deverão conter placeholders com as palavras \"Login\" e \"Senha\", respectivamente",
                  "timedOut": null,
                  "duration": 201,
                  "state": "passed",
                  "speed": "slow",
                  "pass": true,
                  "fail": false,
                  "pending": false,
                  "context": null,
                  "code": "cy.get(\"\".concat(TRYBEWARTS_LOGIN_FORM_SELECTOR, \" input\")).should(function ($input) {\n  expect($input[0].placeholder).to.match(/Login/);\n  expect($input[1].placeholder).to.match(/Senha/);\n});",
                  "err": {},
                  "uuid": "7202cdf0-b63e-4060-bb32-5569995d5a46",
                  "parentUUID": "b79311ca-68f1-4e87-8660-8908040ddd1b",
                  "isHook": false,
                  "skipped": false
                },
                {
                  "title": "O formulário deve ser um flex container",
                  "fullTitle": "Trybewarts 3 - Acrescente um formulário de autenticação no canto direito da barra superior contendo os inputs de login, de senha e um botão de entrar O formulário deve ser um flex container",
                  "timedOut": null,
                  "duration": 183,
                  "state": "passed",
                  "speed": "slow",
                  "pass": true,
                  "fail": false,
                  "pending": false,
                  "context": null,
                  "code": "cy.get(TRYBEWARTS_LOGIN_FORM_SELECTOR).should('have.css', 'display', 'flex');",
                  "err": {},
                  "uuid": "5552a3cb-0921-48c2-8028-3a1d53fc6a10",
                  "parentUUID": "b79311ca-68f1-4e87-8660-8908040ddd1b",
                  "isHook": false,
                  "skipped": false
                },
                {
                  "title": "Ao clicar no botão com login ou senha inválidos, emite um alerta contendo o texto \"Login ou senha inválidos.\"",
                  "fullTitle": "Trybewarts 3 - Acrescente um formulário de autenticação no canto direito da barra superior contendo os inputs de login, de senha e um botão de entrar Ao clicar no botão com login ou senha inválidos, emite um alerta contendo o texto \"Login ou senha inválidos.\"",
                  "timedOut": null,
                  "duration": 333,
                  "state": "passed",
                  "speed": "slow",
                  "pass": true,
                  "fail": false,
                  "pending": false,
                  "context": null,
                  "code": "var stub = cy.stub();\ncy.on('window:alert', stub);\ncy.get(\"\".concat(TRYBEWARTS_LOGIN_FORM_SELECTOR, \" button\")).click().then(function () {\n  expect(stub.getCall(0)).to.be.calledWith('Login ou senha inválidos.');\n});",
                  "err": {},
                  "uuid": "c319d766-c0e7-4557-a9ba-46e434ad9633",
                  "parentUUID": "b79311ca-68f1-4e87-8660-8908040ddd1b",
                  "isHook": false,
                  "skipped": false
                },
                {
                  "title": "Ao clicar no botão com login ou senha válidos, emite um alerta contendo o texto \"Olá, Tryber!\"",
                  "fullTitle": "Trybewarts 3 - Acrescente um formulário de autenticação no canto direito da barra superior contendo os inputs de login, de senha e um botão de entrar Ao clicar no botão com login ou senha válidos, emite um alerta contendo o texto \"Olá, Tryber!\"",
                  "timedOut": null,
                  "duration": 1093,
                  "state": "passed",
                  "speed": "slow",
                  "pass": true,
                  "fail": false,
                  "pending": false,
                  "context": null,
                  "code": "var stub = cy.stub();\ncy.on('window:alert', stub);\ncy.get(\"\".concat(TRYBEWARTS_LOGIN_FORM_SELECTOR, \" input:nth-child(1)\")).type('tryber@teste.com');\ncy.get(\"\".concat(TRYBEWARTS_LOGIN_FORM_SELECTOR, \" input:nth-child(2)\")).type('123456');\ncy.get(\"\".concat(TRYBEWARTS_LOGIN_FORM_SELECTOR, \" button\")).click().then(function () {\n  expect(stub.getCall(0)).to.be.calledWith('Olá, Tryber!');\n});",
                  "err": {},
                  "uuid": "71505da1-4dc8-41f1-8091-94acbd7d7705",
                  "parentUUID": "b79311ca-68f1-4e87-8660-8908040ddd1b",
                  "isHook": false,
                  "skipped": false
                }
              ],
              "suites": [],
              "passes": [
                "50139ce3-a42f-4d7f-88d9-a7d7dc4c561f",
                "cd5edbca-80e4-4265-9572-ef3dccc02e2e",
                "26d25e63-9f7a-4508-904e-ec9ecc07b79d",
                "7202cdf0-b63e-4060-bb32-5569995d5a46",
                "5552a3cb-0921-48c2-8028-3a1d53fc6a10",
                "c319d766-c0e7-4557-a9ba-46e434ad9633",
                "71505da1-4dc8-41f1-8091-94acbd7d7705"
              ],
              "failures": [],
              "pending": [],
              "skipped": [],
              "duration": 2382,
              "root": false,
              "rootEmpty": false,
              "_timeout": 2000
            },
            {
              "uuid": "a87558be-ad55-49f0-8c09-dc2d0bab53f0",
              "title": "4 - Crie um título com o texto 'Trybewarts' centralizado dentro do 'Header'",
              "fullFile": "",
              "file": "",
              "beforeHooks": [],
              "afterHooks": [],
              "tests": [
                {
                  "title": "Deve existir um elemento h1 com o id trybewarts-header-title",
                  "fullTitle": "Trybewarts 4 - Crie um título com o texto 'Trybewarts' centralizado dentro do 'Header' Deve existir um elemento h1 com o id trybewarts-header-title",
                  "timedOut": null,
                  "duration": 165,
                  "state": "passed",
                  "speed": "slow",
                  "pass": true,
                  "fail": false,
                  "pending": false,
                  "context": null,
                  "code": "cy.get(TRYBEWARTS_HEADER_TITLE).should('exist');",
                  "err": {},
                  "uuid": "a8b7f7fe-1b26-4bc4-a566-d95e3ff7fc5b",
                  "parentUUID": "a87558be-ad55-49f0-8c09-dc2d0bab53f0",
                  "isHook": false,
                  "skipped": false
                },
                {
                  "title": "O elemento deve possuir o texto \"Trybewarts\"",
                  "fullTitle": "Trybewarts 4 - Crie um título com o texto 'Trybewarts' centralizado dentro do 'Header' O elemento deve possuir o texto \"Trybewarts\"",
                  "timedOut": null,
                  "duration": 161,
                  "state": "passed",
                  "speed": "slow",
                  "pass": true,
                  "fail": false,
                  "pending": false,
                  "context": null,
                  "code": "cy.get(TRYBEWARTS_HEADER_TITLE).should('have.text', 'Trybewarts');",
                  "err": {},
                  "uuid": "5980c301-32db-41c0-b5de-d092168d35fb",
                  "parentUUID": "a87558be-ad55-49f0-8c09-dc2d0bab53f0",
                  "isHook": false,
                  "skipped": false
                },
                {
                  "title": "O header deve ter exatamente três elementos filhos",
                  "fullTitle": "Trybewarts 4 - Crie um título com o texto 'Trybewarts' centralizado dentro do 'Header' O header deve ter exatamente três elementos filhos",
                  "timedOut": null,
                  "duration": 138,
                  "state": "passed",
                  "speed": "slow",
                  "pass": true,
                  "fail": false,
                  "pending": false,
                  "context": null,
                  "code": "cy.get(TOP_BAR_SELECTOR).children().should('have.length', 3);",
                  "err": {},
                  "uuid": "e7b16147-18a4-4bce-bad3-9a08e8da5fc1",
                  "parentUUID": "a87558be-ad55-49f0-8c09-dc2d0bab53f0",
                  "isHook": false,
                  "skipped": false
                },
                {
                  "title": "O filho do meio deve ser o título",
                  "fullTitle": "Trybewarts 4 - Crie um título com o texto 'Trybewarts' centralizado dentro do 'Header' O filho do meio deve ser o título",
                  "timedOut": null,
                  "duration": 170,
                  "state": "passed",
                  "speed": "slow",
                  "pass": true,
                  "fail": false,
                  "pending": false,
                  "context": null,
                  "code": "cy.get(TOP_BAR_SELECTOR).children().eq(1).should('match', TRYBEWARTS_HEADER_TITLE);",
                  "err": {},
                  "uuid": "795b672b-d156-406a-ac2a-4511fa3b3151",
                  "parentUUID": "a87558be-ad55-49f0-8c09-dc2d0bab53f0",
                  "isHook": false,
                  "skipped": false
                }
              ],
              "suites": [],
              "passes": [
                "a8b7f7fe-1b26-4bc4-a566-d95e3ff7fc5b",
                "5980c301-32db-41c0-b5de-d092168d35fb",
                "e7b16147-18a4-4bce-bad3-9a08e8da5fc1",
                "795b672b-d156-406a-ac2a-4511fa3b3151"
              ],
              "failures": [],
              "pending": [],
              "skipped": [],
              "duration": 634,
              "root": false,
              "rootEmpty": false,
              "_timeout": 2000
            },
            {
              "uuid": "218b6e24-c504-46d9-ae70-9684a004e523",
              "title": "5 - Adicione um formulário no corpo da página, posicionado ao lado esquerdo",
              "fullFile": "",
              "file": "",
              "beforeHooks": [],
              "afterHooks": [],
              "tests": [
                {
                  "title": "Deve existir um formulário com o id `evaluation-form`",
                  "fullTitle": "Trybewarts 5 - Adicione um formulário no corpo da página, posicionado ao lado esquerdo Deve existir um formulário com o id `evaluation-form`",
                  "timedOut": null,
                  "duration": 201,
                  "state": "passed",
                  "speed": "slow",
                  "pass": true,
                  "fail": false,
                  "pending": false,
                  "context": null,
                  "code": "cy.get(EVALUATION_FORM).should('exist');",
                  "err": {},
                  "uuid": "b4bece7a-68df-4969-a016-ba97f496f007",
                  "parentUUID": "218b6e24-c504-46d9-ae70-9684a004e523",
                  "isHook": false,
                  "skipped": false
                },
                {
                  "title": "O formulário deve estar inserido na tag `main` do HTML",
                  "fullTitle": "Trybewarts 5 - Adicione um formulário no corpo da página, posicionado ao lado esquerdo O formulário deve estar inserido na tag `main` do HTML",
                  "timedOut": null,
                  "duration": 164,
                  "state": "passed",
                  "speed": "slow",
                  "pass": true,
                  "fail": false,
                  "pending": false,
                  "context": null,
                  "code": "cy.get('main').children().eq(0).should('match', EVALUATION_FORM);",
                  "err": {},
                  "uuid": "90971dca-a1a9-4e05-bad2-a66bb7be3757",
                  "parentUUID": "218b6e24-c504-46d9-ae70-9684a004e523",
                  "isHook": false,
                  "skipped": false
                },
                {
                  "title": "Tanto o formulário quanto o `main` devem ser flex containers",
                  "fullTitle": "Trybewarts 5 - Adicione um formulário no corpo da página, posicionado ao lado esquerdo Tanto o formulário quanto o `main` devem ser flex containers",
                  "timedOut": null,
                  "duration": 148,
                  "state": "passed",
                  "speed": "slow",
                  "pass": true,
                  "fail": false,
                  "pending": false,
                  "context": null,
                  "code": "cy.get('main').should('have.css', 'display', 'flex');\ncy.get(EVALUATION_FORM).should('have.css', 'display', 'flex');",
                  "err": {},
                  "uuid": "f19dedab-72a1-436b-9952-ab7257431da0",
                  "parentUUID": "218b6e24-c504-46d9-ae70-9684a004e523",
                  "isHook": false,
                  "skipped": false
                },
                {
                  "title": "O formulário deve ter uma largura de 675px",
                  "fullTitle": "Trybewarts 5 - Adicione um formulário no corpo da página, posicionado ao lado esquerdo O formulário deve ter uma largura de 675px",
                  "timedOut": null,
                  "duration": 172,
                  "state": "passed",
                  "speed": "slow",
                  "pass": true,
                  "fail": false,
                  "pending": false,
                  "context": null,
                  "code": "cy.get(EVALUATION_FORM).should('have.css', 'width', '675px');",
                  "err": {},
                  "uuid": "a02cd7a5-b58a-4556-a9bf-a126dfffcd54",
                  "parentUUID": "218b6e24-c504-46d9-ae70-9684a004e523",
                  "isHook": false,
                  "skipped": false
                }
              ],
              "suites": [],
              "passes": [
                "b4bece7a-68df-4969-a016-ba97f496f007",
                "90971dca-a1a9-4e05-bad2-a66bb7be3757",
                "f19dedab-72a1-436b-9952-ab7257431da0",
                "a02cd7a5-b58a-4556-a9bf-a126dfffcd54"
              ],
              "failures": [],
              "pending": [],
              "skipped": [],
              "duration": 685,
              "root": false,
              "rootEmpty": false,
              "_timeout": 2000
            },
            {
              "uuid": "9cf9791a-fc2b-4736-ab74-eeb096b64920",
              "title": "6 - Crie um id para o formulário do requisito 5",
              "fullFile": "",
              "file": "",
              "beforeHooks": [],
              "afterHooks": [],
              "tests": [
                {
                  "title": "Esse id deverá se chamar `evaluation-form`",
                  "fullTitle": "Trybewarts 6 - Crie um id para o formulário do requisito 5 Esse id deverá se chamar `evaluation-form`",
                  "timedOut": null,
                  "duration": 230,
                  "state": "passed",
                  "speed": "slow",
                  "pass": true,
                  "fail": false,
                  "pending": false,
                  "context": null,
                  "code": "cy.get('#evaluation-form').should('exist');",
                  "err": {},
                  "uuid": "ca5fc0be-2557-4e44-9637-5f9ec6777fe4",
                  "parentUUID": "9cf9791a-fc2b-4736-ab74-eeb096b64920",
                  "isHook": false,
                  "skipped": false
                },
                {
                  "title": "Esse id deverá possuir a propriedade `display: flex`",
                  "fullTitle": "Trybewarts 6 - Crie um id para o formulário do requisito 5 Esse id deverá possuir a propriedade `display: flex`",
                  "timedOut": null,
                  "duration": 171,
                  "state": "passed",
                  "speed": "slow",
                  "pass": true,
                  "fail": false,
                  "pending": false,
                  "context": null,
                  "code": "cy.get('#evaluation-form').should('have.css', 'display', 'flex');",
                  "err": {},
                  "uuid": "4dd2f4ea-84a9-4d2d-a954-27795fdd2978",
                  "parentUUID": "9cf9791a-fc2b-4736-ab74-eeb096b64920",
                  "isHook": false,
                  "skipped": false
                },
                {
                  "title": "Alinhe o eixo principal dessa classe para ser o eixo vertical",
                  "fullTitle": "Trybewarts 6 - Crie um id para o formulário do requisito 5 Alinhe o eixo principal dessa classe para ser o eixo vertical",
                  "timedOut": null,
                  "duration": 169,
                  "state": "passed",
                  "speed": "slow",
                  "pass": true,
                  "fail": false,
                  "pending": false,
                  "context": null,
                  "code": "cy.get('#evaluation-form').should('have.css', 'flex-direction', 'column');",
                  "err": {},
                  "uuid": "82637f1d-96a7-4b88-bf24-72cb0ba87375",
                  "parentUUID": "9cf9791a-fc2b-4736-ab74-eeb096b64920",
                  "isHook": false,
                  "skipped": false
                }
              ],
              "suites": [],
              "passes": [
                "ca5fc0be-2557-4e44-9637-5f9ec6777fe4",
                "4dd2f4ea-84a9-4d2d-a954-27795fdd2978",
                "82637f1d-96a7-4b88-bf24-72cb0ba87375"
              ],
              "failures": [],
              "pending": [],
              "skipped": [],
              "duration": 570,
              "root": false,
              "rootEmpty": false,
              "_timeout": 2000
            },
            {
              "uuid": "b0ab29f6-240b-4602-a721-d6b0be552249",
              "title": "7 - Adicione a logo da Trybewarts no lado direito da página",
              "fullFile": "",
              "file": "",
              "beforeHooks": [],
              "afterHooks": [],
              "tests": [
                {
                  "title": "Deve possuir o id trybewarts-forms-logo",
                  "fullTitle": "Trybewarts 7 - Adicione a logo da Trybewarts no lado direito da página Deve possuir o id trybewarts-forms-logo",
                  "timedOut": null,
                  "duration": 195,
                  "state": "passed",
                  "speed": "slow",
                  "pass": true,
                  "fail": false,
                  "pending": false,
                  "context": null,
                  "code": "cy.get(TRYBEWARTS_LOGO_FORMS_SELECTOR).should('exist');",
                  "err": {},
                  "uuid": "bc858cff-ee78-40a2-98de-ad9ac66cfca3",
                  "parentUUID": "b0ab29f6-240b-4602-a721-d6b0be552249",
                  "isHook": false,
                  "skipped": false
                },
                {
                  "title": "O atributo `src` do logotipo deve apontar para `images/trybewarts-colored.svg`",
                  "fullTitle": "Trybewarts 7 - Adicione a logo da Trybewarts no lado direito da página O atributo `src` do logotipo deve apontar para `images/trybewarts-colored.svg`",
                  "timedOut": null,
                  "duration": 165,
                  "state": "passed",
                  "speed": "slow",
                  "pass": true,
                  "fail": false,
                  "pending": false,
                  "context": null,
                  "code": "cy.get(TRYBEWARTS_LOGO_FORMS_SELECTOR).should('have.attr', 'src').should('equal', 'images/trybewarts-colored.svg');",
                  "err": {},
                  "uuid": "8a5ca053-68ea-4758-8489-499580b374c4",
                  "parentUUID": "b0ab29f6-240b-4602-a721-d6b0be552249",
                  "isHook": false,
                  "skipped": false
                }
              ],
              "suites": [],
              "passes": [
                "bc858cff-ee78-40a2-98de-ad9ac66cfca3",
                "8a5ca053-68ea-4758-8489-499580b374c4"
              ],
              "failures": [],
              "pending": [],
              "skipped": [],
              "duration": 360,
              "root": false,
              "rootEmpty": false,
              "_timeout": 2000
            },
            {
              "uuid": "00815107-7814-4c02-aaf8-57331e9218a8",
              "title": "8 - Acrescente no formulário os inputs de 'Nome:', 'Sobrenome:' e 'Email:'",
              "fullFile": "",
              "file": "",
              "beforeHooks": [],
              "afterHooks": [],
              "tests": [
                {
                  "title": "Inputs de Nome, Sobrenome e Email deverão ser criados",
                  "fullTitle": "Trybewarts 8 - Acrescente no formulário os inputs de 'Nome:', 'Sobrenome:' e 'Email:' Inputs de Nome, Sobrenome e Email deverão ser criados",
                  "timedOut": null,
                  "duration": 203,
                  "state": "passed",
                  "speed": "slow",
                  "pass": true,
                  "fail": false,
                  "pending": false,
                  "context": null,
                  "code": "cy.get(USER_NAME_INPUT_SELECTOR).should('exist');\ncy.get(USER_LASTNAME_INPUT_SELECTOR).should('exist');\ncy.get(USER_EMAIL_INPUT_SELECTOR).should('exist');",
                  "err": {},
                  "uuid": "f41e9b3a-6b79-423f-b4a3-7345770b909d",
                  "parentUUID": "00815107-7814-4c02-aaf8-57331e9218a8",
                  "isHook": false,
                  "skipped": false
                },
                {
                  "title": "Os inputs deverão conter um placeholder com Nome, Sobrenome e Email em seus respectivos campos",
                  "fullTitle": "Trybewarts 8 - Acrescente no formulário os inputs de 'Nome:', 'Sobrenome:' e 'Email:' Os inputs deverão conter um placeholder com Nome, Sobrenome e Email em seus respectivos campos",
                  "timedOut": null,
                  "duration": 188,
                  "state": "passed",
                  "speed": "slow",
                  "pass": true,
                  "fail": false,
                  "pending": false,
                  "context": null,
                  "code": "cy.get(USER_NAME_INPUT_SELECTOR).should('have.attr', 'placeholder', 'Nome');\ncy.get(USER_LASTNAME_INPUT_SELECTOR).should('have.attr', 'placeholder', 'Sobrenome');\ncy.get(USER_EMAIL_INPUT_SELECTOR).should('have.attr', 'placeholder', 'Email');",
                  "err": {},
                  "uuid": "2b1b37b6-fce9-4440-9331-00819877ce1e",
                  "parentUUID": "00815107-7814-4c02-aaf8-57331e9218a8",
                  "isHook": false,
                  "skipped": false
                }
              ],
              "suites": [],
              "passes": [
                "f41e9b3a-6b79-423f-b4a3-7345770b909d",
                "2b1b37b6-fce9-4440-9331-00819877ce1e"
              ],
              "failures": [],
              "pending": [],
              "skipped": [],
              "duration": 391,
              "root": false,
              "rootEmpty": false,
              "_timeout": 2000
            },
            {
              "uuid": "aaf54b23-5ca0-4846-bd09-b6390786e137",
              "title": "9 - Crie um select 'Casa' contendo quatro options",
              "fullFile": "",
              "file": "",
              "beforeHooks": [],
              "afterHooks": [],
              "tests": [
                {
                  "title": "Deverá conter a opção `Gitnória`",
                  "fullTitle": "Trybewarts 9 - Crie um select 'Casa' contendo quatro options Deverá conter a opção `Gitnória`",
                  "timedOut": null,
                  "duration": 209,
                  "state": "passed",
                  "speed": "slow",
                  "pass": true,
                  "fail": false,
                  "pending": false,
                  "context": null,
                  "code": "cy.get(\"#gitnoria-house\").should('exist');",
                  "err": {},
                  "uuid": "283ae54e-dd16-4043-a21b-dc982c59dfc9",
                  "parentUUID": "aaf54b23-5ca0-4846-bd09-b6390786e137",
                  "isHook": false,
                  "skipped": false
                },
                {
                  "title": "Deverá conter a opção `Reactpuff`",
                  "fullTitle": "Trybewarts 9 - Crie um select 'Casa' contendo quatro options Deverá conter a opção `Reactpuff`",
                  "timedOut": null,
                  "duration": 164,
                  "state": "passed",
                  "speed": "slow",
                  "pass": true,
                  "fail": false,
                  "pending": false,
                  "context": null,
                  "code": "cy.get(\"#reactpuff-house\").should('exist');",
                  "err": {},
                  "uuid": "aa840a95-c40d-4bef-aaeb-e189aad4ea77",
                  "parentUUID": "aaf54b23-5ca0-4846-bd09-b6390786e137",
                  "isHook": false,
                  "skipped": false
                },
                {
                  "title": "Deverá conter a opção ``Corvinode``",
                  "fullTitle": "Trybewarts 9 - Crie um select 'Casa' contendo quatro options Deverá conter a opção ``Corvinode``",
                  "timedOut": null,
                  "duration": 171,
                  "state": "passed",
                  "speed": "slow",
                  "pass": true,
                  "fail": false,
                  "pending": false,
                  "context": null,
                  "code": "cy.get(\"#corvinode-house\").should('exist');",
                  "err": {},
                  "uuid": "2d5bf5a9-cd8d-48ac-b118-228c11a25282",
                  "parentUUID": "aaf54b23-5ca0-4846-bd09-b6390786e137",
                  "isHook": false,
                  "skipped": false
                },
                {
                  "title": "Deverá conter a opção ``Pytherina``",
                  "fullTitle": "Trybewarts 9 - Crie um select 'Casa' contendo quatro options Deverá conter a opção ``Pytherina``",
                  "timedOut": null,
                  "duration": 187,
                  "state": "passed",
                  "speed": "slow",
                  "pass": true,
                  "fail": false,
                  "pending": false,
                  "context": null,
                  "code": "cy.get(\"#pytherina-house\").should('exist');",
                  "err": {},
                  "uuid": "c1929513-80b3-4a36-9e36-c28f38489122",
                  "parentUUID": "aaf54b23-5ca0-4846-bd09-b6390786e137",
                  "isHook": false,
                  "skipped": false
                }
              ],
              "suites": [],
              "passes": [
                "283ae54e-dd16-4043-a21b-dc982c59dfc9",
                "aa840a95-c40d-4bef-aaeb-e189aad4ea77",
                "2d5bf5a9-cd8d-48ac-b118-228c11a25282",
                "c1929513-80b3-4a36-9e36-c28f38489122"
              ],
              "failures": [],
              "pending": [],
              "skipped": [],
              "duration": 731,
              "root": false,
              "rootEmpty": false,
              "_timeout": 2000
            },
            {
              "uuid": "b56cb284-e7c3-49eb-9889-3e98238f8702",
              "title": "10 - Alinhe os campos de 'Nome' e 'Sobrenome' para que fiquem em linha",
              "fullFile": "",
              "file": "",
              "beforeHooks": [],
              "afterHooks": [],
              "tests": [
                {
                  "title": "Os campos de Nome e Sobrenome devem estar lado a lado",
                  "fullTitle": "Trybewarts 10 - Alinhe os campos de 'Nome' e 'Sobrenome' para que fiquem em linha Os campos de Nome e Sobrenome devem estar lado a lado",
                  "timedOut": null,
                  "duration": 202,
                  "state": "passed",
                  "speed": "slow",
                  "pass": true,
                  "fail": false,
                  "pending": false,
                  "context": null,
                  "code": "cy.get(USER_NAME_INPUT_SELECTOR);\ncy.get(USER_LASTNAME_INPUT_SELECTOR);\ncheckIsRightOf(USER_NAME_INPUT_SELECTOR, USER_LASTNAME_INPUT_SELECTOR);",
                  "err": {},
                  "uuid": "f5fb66c9-0dff-4c78-8f8d-f877b6a2441c",
                  "parentUUID": "b56cb284-e7c3-49eb-9889-3e98238f8702",
                  "isHook": false,
                  "skipped": false
                }
              ],
              "suites": [],
              "passes": [
                "f5fb66c9-0dff-4c78-8f8d-f877b6a2441c"
              ],
              "failures": [],
              "pending": [],
              "skipped": [],
              "duration": 202,
              "root": false,
              "rootEmpty": false,
              "_timeout": 2000
            },
            {
              "uuid": "7705fd6f-160e-40de-8e52-fbc013e5d15d",
              "title": "11 - Alinhe os campos de 'Email' e 'Casa' para que fiquem em linha",
              "fullFile": "",
              "file": "",
              "beforeHooks": [],
              "afterHooks": [],
              "tests": [
                {
                  "title": "Os campos de Email e Casa devem estar lado a lado",
                  "fullTitle": "Trybewarts 11 - Alinhe os campos de 'Email' e 'Casa' para que fiquem em linha Os campos de Email e Casa devem estar lado a lado",
                  "timedOut": null,
                  "duration": 180,
                  "state": "passed",
                  "speed": "slow",
                  "pass": true,
                  "fail": false,
                  "pending": false,
                  "context": null,
                  "code": "checkIsRightOf('#input-email', '#house');",
                  "err": {},
                  "uuid": "7e26c18c-9979-45f1-9cd9-1548502396c1",
                  "parentUUID": "7705fd6f-160e-40de-8e52-fbc013e5d15d",
                  "isHook": false,
                  "skipped": false
                }
              ],
              "suites": [],
              "passes": [
                "7e26c18c-9979-45f1-9cd9-1548502396c1"
              ],
              "failures": [],
              "pending": [],
              "skipped": [],
              "duration": 180,
              "root": false,
              "rootEmpty": false,
              "_timeout": 2000
            },
            {
              "uuid": "a4fe205f-eb6f-4dac-bffc-bc526683234b",
              "title": "12 - Crie um campo de entrada para qual família a pessoa estudante se identifica",
              "fullFile": "",
              "file": "",
              "beforeHooks": [],
              "afterHooks": [],
              "tests": [
                {
                  "title": "Um elemento com o id \"label-family\" e o texto \"Qual sua família?\" deverá ser criado",
                  "fullTitle": "Trybewarts 12 - Crie um campo de entrada para qual família a pessoa estudante se identifica Um elemento com o id \"label-family\" e o texto \"Qual sua família?\" deverá ser criado",
                  "timedOut": null,
                  "duration": 220,
                  "state": "passed",
                  "speed": "slow",
                  "pass": true,
                  "fail": false,
                  "pending": false,
                  "context": null,
                  "code": "cy.get('#label-family').contains(LABEL_FAMILY_TEXT);",
                  "err": {},
                  "uuid": "aa31410d-63c1-4bfc-97f0-54ac02a9d749",
                  "parentUUID": "a4fe205f-eb6f-4dac-bffc-bc526683234b",
                  "isHook": false,
                  "skipped": false
                },
                {
                  "title": "O campo deve ser formado por três radio buttons com os valores \"Frontend\", \"Backend\" e \"FullStack\" - Frontend",
                  "fullTitle": "Trybewarts 12 - Crie um campo de entrada para qual família a pessoa estudante se identifica O campo deve ser formado por três radio buttons com os valores \"Frontend\", \"Backend\" e \"FullStack\" - Frontend",
                  "timedOut": null,
                  "duration": 175,
                  "state": "passed",
                  "speed": "slow",
                  "pass": true,
                  "fail": false,
                  "pending": false,
                  "context": null,
                  "code": "cy.get('input[value=\"Frontend\"]').should('exist');",
                  "err": {},
                  "uuid": "ff954968-5f2d-47c9-9cda-9b8e8ef3f6e6",
                  "parentUUID": "a4fe205f-eb6f-4dac-bffc-bc526683234b",
                  "isHook": false,
                  "skipped": false
                },
                {
                  "title": "O campo deve ser formado por três radio buttons com os valores \"Frontend\", \"Backend\" e \"FullStack\" - Backend",
                  "fullTitle": "Trybewarts 12 - Crie um campo de entrada para qual família a pessoa estudante se identifica O campo deve ser formado por três radio buttons com os valores \"Frontend\", \"Backend\" e \"FullStack\" - Backend",
                  "timedOut": null,
                  "duration": 223,
                  "state": "passed",
                  "speed": "slow",
                  "pass": true,
                  "fail": false,
                  "pending": false,
                  "context": null,
                  "code": "cy.get('input[value=\"Backend\"]').should('exist');",
                  "err": {},
                  "uuid": "38d238e8-8fc8-46bd-8818-539d605b4bf5",
                  "parentUUID": "a4fe205f-eb6f-4dac-bffc-bc526683234b",
                  "isHook": false,
                  "skipped": false
                },
                {
                  "title": "O campo deve ser formado por três radio buttons com os valores \"Frontend\", \"Backend\" e \"FullStack\" - FullStack",
                  "fullTitle": "Trybewarts 12 - Crie um campo de entrada para qual família a pessoa estudante se identifica O campo deve ser formado por três radio buttons com os valores \"Frontend\", \"Backend\" e \"FullStack\" - FullStack",
                  "timedOut": null,
                  "duration": 171,
                  "state": "passed",
                  "speed": "slow",
                  "pass": true,
                  "fail": false,
                  "pending": false,
                  "context": null,
                  "code": "cy.get('input[value=\"FullStack\"]').should('exist');",
                  "err": {},
                  "uuid": "30c46d89-e076-437a-9941-6a370295ec2d",
                  "parentUUID": "a4fe205f-eb6f-4dac-bffc-bc526683234b",
                  "isHook": false,
                  "skipped": false
                },
                {
                  "title": "Os radio buttons devem ter o atributo name com o valor \"family\"",
                  "fullTitle": "Trybewarts 12 - Crie um campo de entrada para qual família a pessoa estudante se identifica Os radio buttons devem ter o atributo name com o valor \"family\"",
                  "timedOut": null,
                  "duration": 192,
                  "state": "passed",
                  "speed": "slow",
                  "pass": true,
                  "fail": false,
                  "pending": false,
                  "context": null,
                  "code": "cy.get('input[name=\"family\"]').then(function (arr) {\n  return expect(arr.length).to.equal(3);\n});",
                  "err": {},
                  "uuid": "23090509-1061-4423-a63d-36b39ef71a8d",
                  "parentUUID": "a4fe205f-eb6f-4dac-bffc-bc526683234b",
                  "isHook": false,
                  "skipped": false
                },
                {
                  "title": "Posicione os radio buttons para ficar abaixo um do outro",
                  "fullTitle": "Trybewarts 12 - Crie um campo de entrada para qual família a pessoa estudante se identifica Posicione os radio buttons para ficar abaixo um do outro",
                  "timedOut": null,
                  "duration": 177,
                  "state": "passed",
                  "speed": "slow",
                  "pass": true,
                  "fail": false,
                  "pending": false,
                  "context": null,
                  "code": "checkIsBelowOf('input[value=\"Frontend\"]', 'input[value=\"Backend\"]');\ncheckIsBelowOf('input[value=\"Backend\"]', 'input[value=\"FullStack\"]');",
                  "err": {},
                  "uuid": "6e58e862-1a8f-4fe8-9370-00dea6338ab5",
                  "parentUUID": "a4fe205f-eb6f-4dac-bffc-bc526683234b",
                  "isHook": false,
                  "skipped": false
                },
                {
                  "title": "Posicione os radio buttons abaixo do label",
                  "fullTitle": "Trybewarts 12 - Crie um campo de entrada para qual família a pessoa estudante se identifica Posicione os radio buttons abaixo do label",
                  "timedOut": null,
                  "duration": 163,
                  "state": "passed",
                  "speed": "slow",
                  "pass": true,
                  "fail": false,
                  "pending": false,
                  "context": null,
                  "code": "checkIsBelowOf('#label-family', 'input[value=\"Frontend\"]');",
                  "err": {},
                  "uuid": "f95872cb-9bec-42dd-916a-64e0f86f09ff",
                  "parentUUID": "a4fe205f-eb6f-4dac-bffc-bc526683234b",
                  "isHook": false,
                  "skipped": false
                }
              ],
              "suites": [],
              "passes": [
                "aa31410d-63c1-4bfc-97f0-54ac02a9d749",
                "ff954968-5f2d-47c9-9cda-9b8e8ef3f6e6",
                "38d238e8-8fc8-46bd-8818-539d605b4bf5",
                "30c46d89-e076-437a-9941-6a370295ec2d",
                "23090509-1061-4423-a63d-36b39ef71a8d",
                "6e58e862-1a8f-4fe8-9370-00dea6338ab5",
                "f95872cb-9bec-42dd-916a-64e0f86f09ff"
              ],
              "failures": [],
              "pending": [],
              "skipped": [],
              "duration": 1321,
              "root": false,
              "rootEmpty": false,
              "_timeout": 2000
            },
            {
              "uuid": "6bb40832-6636-4ced-ab39-f8ce8dcb0e68",
              "title": "13 - Crie campos de entrada do tipo 'checkbox' contendo seis opções",
              "fullFile": "",
              "file": "",
              "beforeHooks": [],
              "afterHooks": [],
              "tests": [
                {
                  "title": "Um elemento com o id \"label-content\" e o texto \"Qual conteúdo você está com mais vontade de aprender?\" deverá ser criado",
                  "fullTitle": "Trybewarts 13 - Crie campos de entrada do tipo 'checkbox' contendo seis opções Um elemento com o id \"label-content\" e o texto \"Qual conteúdo você está com mais vontade de aprender?\" deverá ser criado",
                  "timedOut": null,
                  "duration": 215,
                  "state": "passed",
                  "speed": "slow",
                  "pass": true,
                  "fail": false,
                  "pending": false,
                  "context": null,
                  "code": "cy.get('#label-content').contains(LABEL_CONTENT_TEXT);",
                  "err": {},
                  "uuid": "902cc394-4aa2-4d51-b057-94c2bce60fce",
                  "parentUUID": "6bb40832-6636-4ced-ab39-f8ce8dcb0e68",
                  "isHook": false,
                  "skipped": false
                },
                {
                  "title": "Campo HoFs",
                  "fullTitle": "Trybewarts 13 - Crie campos de entrada do tipo 'checkbox' contendo seis opções Campo HoFs",
                  "timedOut": null,
                  "duration": 169,
                  "state": "passed",
                  "speed": "slow",
                  "pass": true,
                  "fail": false,
                  "pending": false,
                  "context": null,
                  "code": "cy.get('input[value=\"HoFs\"]').should('exist');",
                  "err": {},
                  "uuid": "3f3421d5-931f-40b9-81ee-1cd748190e4d",
                  "parentUUID": "6bb40832-6636-4ced-ab39-f8ce8dcb0e68",
                  "isHook": false,
                  "skipped": false
                },
                {
                  "title": "Campo Jest",
                  "fullTitle": "Trybewarts 13 - Crie campos de entrada do tipo 'checkbox' contendo seis opções Campo Jest",
                  "timedOut": null,
                  "duration": 172,
                  "state": "passed",
                  "speed": "slow",
                  "pass": true,
                  "fail": false,
                  "pending": false,
                  "context": null,
                  "code": "cy.get('input[value=\"Jest\"]').should('exist');",
                  "err": {},
                  "uuid": "f34dd8ae-fcf4-4be6-9b79-8247b99a150f",
                  "parentUUID": "6bb40832-6636-4ced-ab39-f8ce8dcb0e68",
                  "isHook": false,
                  "skipped": false
                },
                {
                  "title": "Campo Promises",
                  "fullTitle": "Trybewarts 13 - Crie campos de entrada do tipo 'checkbox' contendo seis opções Campo Promises",
                  "timedOut": null,
                  "duration": 223,
                  "state": "passed",
                  "speed": "slow",
                  "pass": true,
                  "fail": false,
                  "pending": false,
                  "context": null,
                  "code": "cy.get('input[value=\"Promises\"]').should('exist');",
                  "err": {},
                  "uuid": "28f859d6-e1d2-4d66-ad95-53012bccc147",
                  "parentUUID": "6bb40832-6636-4ced-ab39-f8ce8dcb0e68",
                  "isHook": false,
                  "skipped": false
                },
                {
                  "title": "Campo React",
                  "fullTitle": "Trybewarts 13 - Crie campos de entrada do tipo 'checkbox' contendo seis opções Campo React",
                  "timedOut": null,
                  "duration": 183,
                  "state": "passed",
                  "speed": "slow",
                  "pass": true,
                  "fail": false,
                  "pending": false,
                  "context": null,
                  "code": "cy.get('input[value=\"React\"]').should('exist');",
                  "err": {},
                  "uuid": "825f2f9d-b8fe-4baa-9008-887644fe951f",
                  "parentUUID": "6bb40832-6636-4ced-ab39-f8ce8dcb0e68",
                  "isHook": false,
                  "skipped": false
                },
                {
                  "title": "Campo SQL",
                  "fullTitle": "Trybewarts 13 - Crie campos de entrada do tipo 'checkbox' contendo seis opções Campo SQL",
                  "timedOut": null,
                  "duration": 190,
                  "state": "passed",
                  "speed": "slow",
                  "pass": true,
                  "fail": false,
                  "pending": false,
                  "context": null,
                  "code": "cy.get('input[value=\"SQL\"]').should('exist');",
                  "err": {},
                  "uuid": "7429a5db-d83a-4cba-8f5f-dad206d066ce",
                  "parentUUID": "6bb40832-6636-4ced-ab39-f8ce8dcb0e68",
                  "isHook": false,
                  "skipped": false
                },
                {
                  "title": "Campo Python",
                  "fullTitle": "Trybewarts 13 - Crie campos de entrada do tipo 'checkbox' contendo seis opções Campo Python",
                  "timedOut": null,
                  "duration": 261,
                  "state": "passed",
                  "speed": "slow",
                  "pass": true,
                  "fail": false,
                  "pending": false,
                  "context": null,
                  "code": "cy.get('input[value=\"Python\"]').should('exist');",
                  "err": {},
                  "uuid": "a78b6128-d37d-42a8-a2ef-f29a248c33bd",
                  "parentUUID": "6bb40832-6636-4ced-ab39-f8ce8dcb0e68",
                  "isHook": false,
                  "skipped": false
                },
                {
                  "title": "Posicione os checkbox abaixo do label",
                  "fullTitle": "Trybewarts 13 - Crie campos de entrada do tipo 'checkbox' contendo seis opções Posicione os checkbox abaixo do label",
                  "timedOut": null,
                  "duration": 249,
                  "state": "passed",
                  "speed": "slow",
                  "pass": true,
                  "fail": false,
                  "pending": false,
                  "context": null,
                  "code": "checkIsBelowOf('#label-content', 'input[value=\"HoFs\"]');",
                  "err": {},
                  "uuid": "e1514d66-b1bb-4917-bfa7-7f3f4add5c3f",
                  "parentUUID": "6bb40832-6636-4ced-ab39-f8ce8dcb0e68",
                  "isHook": false,
                  "skipped": false
                }
              ],
              "suites": [],
              "passes": [
                "902cc394-4aa2-4d51-b057-94c2bce60fce",
                "3f3421d5-931f-40b9-81ee-1cd748190e4d",
                "f34dd8ae-fcf4-4be6-9b79-8247b99a150f",
                "28f859d6-e1d2-4d66-ad95-53012bccc147",
                "825f2f9d-b8fe-4baa-9008-887644fe951f",
                "7429a5db-d83a-4cba-8f5f-dad206d066ce",
                "a78b6128-d37d-42a8-a2ef-f29a248c33bd",
                "e1514d66-b1bb-4917-bfa7-7f3f4add5c3f"
              ],
              "failures": [],
              "pending": [],
              "skipped": [],
              "duration": 1662,
              "root": false,
              "rootEmpty": false,
              "_timeout": 2000
            },
            {
              "uuid": "6790e957-5963-445f-9c4b-65d15c9e9fd3",
              "title": "14 - Crie campo de entrada para avaliar de 1 a 10 o nível de satisfação com a Trybewarts",
              "fullFile": "",
              "file": "",
              "beforeHooks": [],
              "afterHooks": [],
              "tests": [
                {
                  "title": "Um elemento com o id label-rate e o texto \"Como você avalia a Trybewarts?\" deverá ser criado",
                  "fullTitle": "Trybewarts 14 - Crie campo de entrada para avaliar de 1 a 10 o nível de satisfação com a Trybewarts Um elemento com o id label-rate e o texto \"Como você avalia a Trybewarts?\" deverá ser criado",
                  "timedOut": null,
                  "duration": 478,
                  "state": "passed",
                  "speed": "slow",
                  "pass": true,
                  "fail": false,
                  "pending": false,
                  "context": null,
                  "code": "cy.get('#label-rate').contains(LABEL_RATE_TEXT);",
                  "err": {},
                  "uuid": "5098c200-2629-4096-bf3b-02c5697064bf",
                  "parentUUID": "6790e957-5963-445f-9c4b-65d15c9e9fd3",
                  "isHook": false,
                  "skipped": false
                },
                {
                  "title": "O campo deve ser formado por dez radio buttons, contendo as opções de 1 a 10",
                  "fullTitle": "Trybewarts 14 - Crie campo de entrada para avaliar de 1 a 10 o nível de satisfação com a Trybewarts O campo deve ser formado por dez radio buttons, contendo as opções de 1 a 10",
                  "timedOut": null,
                  "duration": 558,
                  "state": "passed",
                  "speed": "slow",
                  "pass": true,
                  "fail": false,
                  "pending": false,
                  "context": null,
                  "code": "cy.get('input[name=\"rate\"]').its('length').should('be.gt', 9);",
                  "err": {},
                  "uuid": "c6bc4fdf-2400-409e-afa2-914939582302",
                  "parentUUID": "6790e957-5963-445f-9c4b-65d15c9e9fd3",
                  "isHook": false,
                  "skipped": false
                },
                {
                  "title": "Posicione os radio buttons à direita do label",
                  "fullTitle": "Trybewarts 14 - Crie campo de entrada para avaliar de 1 a 10 o nível de satisfação com a Trybewarts Posicione os radio buttons à direita do label",
                  "timedOut": null,
                  "duration": 271,
                  "state": "passed",
                  "speed": "slow",
                  "pass": true,
                  "fail": false,
                  "pending": false,
                  "context": null,
                  "code": "checkIsRightOf('#label-rate', 'input[value=\"1\"]');",
                  "err": {},
                  "uuid": "036f43aa-1098-4fe0-bbc6-1ac9e3101172",
                  "parentUUID": "6790e957-5963-445f-9c4b-65d15c9e9fd3",
                  "isHook": false,
                  "skipped": false
                }
              ],
              "suites": [],
              "passes": [
                "5098c200-2629-4096-bf3b-02c5697064bf",
                "c6bc4fdf-2400-409e-afa2-914939582302",
                "036f43aa-1098-4fe0-bbc6-1ac9e3101172"
              ],
              "failures": [],
              "pending": [],
              "skipped": [],
              "duration": 1307,
              "root": false,
              "rootEmpty": false,
              "_timeout": 2000
            },
            {
              "uuid": "e973a5b5-2221-4437-b0b0-9b6949e91002",
              "title": "15 - Crie uma textarea com o id 'textarea' e uma label com a classe 'textarea' contendo o número máximo de caracteres igual à 500",
              "fullFile": "",
              "file": "",
              "beforeHooks": [],
              "afterHooks": [],
              "tests": [
                {
                  "title": "Uma label com a classe textarea e o texto \"Deixe seu comentário:\" deverá ser criado\" ",
                  "fullTitle": "Trybewarts 15 - Crie uma textarea com o id 'textarea' e uma label com a classe 'textarea' contendo o número máximo de caracteres igual à 500 Uma label com a classe textarea e o texto \"Deixe seu comentário:\" deverá ser criado\" ",
                  "timedOut": null,
                  "duration": 374,
                  "state": "passed",
                  "speed": "slow",
                  "pass": true,
                  "fail": false,
                  "pending": false,
                  "context": null,
                  "code": "cy.get('.textarea').contains(LABEL_TEXTAREA);",
                  "err": {},
                  "uuid": "71617ef0-d8fe-44c2-820f-7788fda04ee1",
                  "parentUUID": "e973a5b5-2221-4437-b0b0-9b6949e91002",
                  "isHook": false,
                  "skipped": false
                },
                {
                  "title": "O campo textarea deverá ter o máximo de 500 caracteres",
                  "fullTitle": "Trybewarts 15 - Crie uma textarea com o id 'textarea' e uma label com a classe 'textarea' contendo o número máximo de caracteres igual à 500 O campo textarea deverá ter o máximo de 500 caracteres",
                  "timedOut": null,
                  "duration": 11922,
                  "state": "passed",
                  "speed": "slow",
                  "pass": true,
                  "fail": false,
                  "pending": false,
                  "context": null,
                  "code": "cy.get('textarea').type('text'.repeat(200));\ncy.get('textarea').invoke('val').should(function (value) {\n  expect(value).to.match(/^[a-z]{500}$/);\n});",
                  "err": {},
                  "uuid": "ebd49d48-e245-43b4-8c73-0540ee178302",
                  "parentUUID": "e973a5b5-2221-4437-b0b0-9b6949e91002",
                  "isHook": false,
                  "skipped": false
                }
              ],
              "suites": [],
              "passes": [
                "71617ef0-d8fe-44c2-820f-7788fda04ee1",
                "ebd49d48-e245-43b4-8c73-0540ee178302"
              ],
              "failures": [],
              "pending": [],
              "skipped": [],
              "duration": 12296,
              "root": false,
              "rootEmpty": false,
              "_timeout": 2000
            },
            {
              "uuid": "555d7021-2a81-4b6f-bbcb-84452e8b5a1d",
              "title": "16 - Crie um campo de entrada do tipo 'checkbox' com o id 'agreement' para validar as informações",
              "fullFile": "",
              "file": "",
              "beforeHooks": [],
              "afterHooks": [],
              "tests": [
                {
                  "title": "Uma label com o id \"label-infos\" deve possuir o texto \"Você concorda com o uso das informações acima?\"",
                  "fullTitle": "Trybewarts 16 - Crie um campo de entrada do tipo 'checkbox' com o id 'agreement' para validar as informações Uma label com o id \"label-infos\" deve possuir o texto \"Você concorda com o uso das informações acima?\"",
                  "timedOut": null,
                  "duration": 174,
                  "state": "passed",
                  "speed": "slow",
                  "pass": true,
                  "fail": false,
                  "pending": false,
                  "context": null,
                  "code": "cy.get(\"label#label-infos\").should('exist').contains('Você concorda com o uso das informações acima?');",
                  "err": {},
                  "uuid": "b71e12b2-31e9-42ee-845e-25bd356e9bdb",
                  "parentUUID": "555d7021-2a81-4b6f-bbcb-84452e8b5a1d",
                  "isHook": false,
                  "skipped": false
                },
                {
                  "title": "Um input do tipo checkbox deve existir e deve possuir o id \"agreement\"",
                  "fullTitle": "Trybewarts 16 - Crie um campo de entrada do tipo 'checkbox' com o id 'agreement' para validar as informações Um input do tipo checkbox deve existir e deve possuir o id \"agreement\"",
                  "timedOut": null,
                  "duration": 160,
                  "state": "passed",
                  "speed": "slow",
                  "pass": true,
                  "fail": false,
                  "pending": false,
                  "context": null,
                  "code": "cy.get('input#agreement[type=\"checkbox\"]').should('exist');",
                  "err": {},
                  "uuid": "0dbbf225-783f-4362-8b61-8046d1611ee2",
                  "parentUUID": "555d7021-2a81-4b6f-bbcb-84452e8b5a1d",
                  "isHook": false,
                  "skipped": false
                }
              ],
              "suites": [],
              "passes": [
                "b71e12b2-31e9-42ee-845e-25bd356e9bdb",
                "0dbbf225-783f-4362-8b61-8046d1611ee2"
              ],
              "failures": [],
              "pending": [],
              "skipped": [],
              "duration": 334,
              "root": false,
              "rootEmpty": false,
              "_timeout": 2000
            },
            {
              "uuid": "84727cd0-7cfa-4928-a4af-e7bfd18ae224",
              "title": "17 - Crie um botão de Enviar para submeter o formulário",
              "fullFile": "",
              "file": "",
              "beforeHooks": [],
              "afterHooks": [],
              "tests": [
                {
                  "title": "Deve existir um botão com o id \"submit-btn\" e o texto \"Enviar\"",
                  "fullTitle": "Trybewarts 17 - Crie um botão de Enviar para submeter o formulário Deve existir um botão com o id \"submit-btn\" e o texto \"Enviar\"",
                  "timedOut": null,
                  "duration": 163,
                  "state": "passed",
                  "speed": "slow",
                  "pass": true,
                  "fail": false,
                  "pending": false,
                  "context": null,
                  "code": "cy.get('button#submit-btn[type=\"submit\"]').should('exist').should('have.text', 'Enviar');",
                  "err": {},
                  "uuid": "b0381760-7083-4d6b-aed0-ab2c594be3ec",
                  "parentUUID": "84727cd0-7cfa-4928-a4af-e7bfd18ae224",
                  "isHook": false,
                  "skipped": false
                }
              ],
              "suites": [],
              "passes": [
                "b0381760-7083-4d6b-aed0-ab2c594be3ec"
              ],
              "failures": [],
              "pending": [],
              "skipped": [],
              "duration": 163,
              "root": false,
              "rootEmpty": false,
              "_timeout": 2000
            },
            {
              "uuid": "93c5be39-3c32-46b7-b395-57747be151e0",
              "title": "18 - Faça com que o botão 'Enviar' seja habilitado somente após a checkbox do requisito 16 ser selecionada",
              "fullFile": "",
              "file": "",
              "beforeHooks": [],
              "afterHooks": [],
              "tests": [
                {
                  "title": "O botão deve inicialmente estar desabilitado",
                  "fullTitle": "Trybewarts 18 - Faça com que o botão 'Enviar' seja habilitado somente após a checkbox do requisito 16 ser selecionada O botão deve inicialmente estar desabilitado",
                  "timedOut": null,
                  "duration": 142,
                  "state": "passed",
                  "speed": "slow",
                  "pass": true,
                  "fail": false,
                  "pending": false,
                  "context": null,
                  "code": "cy.get('button#submit-btn').should('be.disabled');",
                  "err": {},
                  "uuid": "d0bf29f5-003c-4d9c-9eca-93ab2ec4c7d0",
                  "parentUUID": "93c5be39-3c32-46b7-b395-57747be151e0",
                  "isHook": false,
                  "skipped": false
                },
                {
                  "title": "Ao marcar o campo de confirmação, o botão de Enviar deve ser habilitado",
                  "fullTitle": "Trybewarts 18 - Faça com que o botão 'Enviar' seja habilitado somente após a checkbox do requisito 16 ser selecionada Ao marcar o campo de confirmação, o botão de Enviar deve ser habilitado",
                  "timedOut": null,
                  "duration": 280,
                  "state": "passed",
                  "speed": "slow",
                  "pass": true,
                  "fail": false,
                  "pending": false,
                  "context": null,
                  "code": "cy.get('input#agreement').check();\ncy.get('button#submit-btn').should('not.be.disabled');",
                  "err": {},
                  "uuid": "fcb8d22f-c08d-4623-8be6-59272cafdd50",
                  "parentUUID": "93c5be39-3c32-46b7-b395-57747be151e0",
                  "isHook": false,
                  "skipped": false
                }
              ],
              "suites": [],
              "passes": [
                "d0bf29f5-003c-4d9c-9eca-93ab2ec4c7d0",
                "fcb8d22f-c08d-4623-8be6-59272cafdd50"
              ],
              "failures": [],
              "pending": [],
              "skipped": [],
              "duration": 422,
              "root": false,
              "rootEmpty": false,
              "_timeout": 2000
            },
            {
              "uuid": "3ff05318-c709-4115-916f-550ea5cbc498",
              "title": "19 - Crie um rodapé no final da página",
              "fullFile": "",
              "file": "",
              "beforeHooks": [],
              "afterHooks": [],
              "tests": [
                {
                  "title": "O rodapé deve conter o texto \"Direitos reservados à Trybewarts©\"",
                  "fullTitle": "Trybewarts 19 - Crie um rodapé no final da página O rodapé deve conter o texto \"Direitos reservados à Trybewarts©\"",
                  "timedOut": null,
                  "duration": 321,
                  "state": "passed",
                  "speed": "slow",
                  "pass": true,
                  "fail": false,
                  "pending": false,
                  "context": null,
                  "code": "cy.get('footer').should('exist').contains('Direitos reservados à Trybewarts©');",
                  "err": {},
                  "uuid": "3d9ff82b-192d-437e-b30d-0d472d9a70ff",
                  "parentUUID": "3ff05318-c709-4115-916f-550ea5cbc498",
                  "isHook": false,
                  "skipped": false
                }
              ],
              "suites": [],
              "passes": [
                "3d9ff82b-192d-437e-b30d-0d472d9a70ff"
              ],
              "failures": [],
              "pending": [],
              "skipped": [],
              "duration": 321,
              "root": false,
              "rootEmpty": false,
              "_timeout": 2000
            },
            {
              "uuid": "58ed4760-2acc-4471-b626-5618ed9e7af7",
              "title": "20 - Crie um contador com o ID 'counter' contendo o número de caracteres disponíveis no textarea, variando de 500 até 0, que deverá ser atualizado a medida que algo for digitado na textarea",
              "fullFile": "",
              "file": "",
              "beforeHooks": [],
              "afterHooks": [],
              "tests": [
                {
                  "title": "Deve existir um contador com o ID \"counter\"",
                  "fullTitle": "Trybewarts 20 - Crie um contador com o ID 'counter' contendo o número de caracteres disponíveis no textarea, variando de 500 até 0, que deverá ser atualizado a medida que algo for digitado na textarea Deve existir um contador com o ID \"counter\"",
                  "timedOut": null,
                  "duration": 167,
                  "state": "passed",
                  "speed": "slow",
                  "pass": true,
                  "fail": false,
                  "pending": false,
                  "context": null,
                  "code": "cy.get('#counter').should('exist');",
                  "err": {},
                  "uuid": "2e246e3f-ad4e-4b2b-ba3a-ca5e2459f109",
                  "parentUUID": "58ed4760-2acc-4471-b626-5618ed9e7af7",
                  "isHook": false,
                  "skipped": false
                },
                {
                  "title": "O contador de caracteres deve ser atualizado conforme o conteúdo do textarea muda.",
                  "fullTitle": "Trybewarts 20 - Crie um contador com o ID 'counter' contendo o número de caracteres disponíveis no textarea, variando de 500 até 0, que deverá ser atualizado a medida que algo for digitado na textarea O contador de caracteres deve ser atualizado conforme o conteúdo do textarea muda.",
                  "timedOut": null,
                  "duration": 898,
                  "state": "passed",
                  "speed": "slow",
                  "pass": true,
                  "fail": false,
                  "pending": false,
                  "context": null,
                  "code": "cy.get(\"#counter\").contains('500');\ncy.get(\"#textarea\").type('Salve salve família');\ncy.get(\"#counter\").contains('481');\ncy.get('#textarea').clear();\ncy.get(\"#counter\").should('contain', '500');\ncy.get('#textarea').type('Salve salve');\ncy.get(\"#counter\").should('contain', '489');",
                  "err": {},
                  "uuid": "e16ce8d6-cb6b-4378-a9fa-b54936b212af",
                  "parentUUID": "58ed4760-2acc-4471-b626-5618ed9e7af7",
                  "isHook": false,
                  "skipped": false
                }
              ],
              "suites": [],
              "passes": [
                "2e246e3f-ad4e-4b2b-ba3a-ca5e2459f109",
                "e16ce8d6-cb6b-4378-a9fa-b54936b212af"
              ],
              "failures": [],
              "pending": [],
              "skipped": [],
              "duration": 1065,
              "root": false,
              "rootEmpty": false,
              "_timeout": 2000
            },
            {
              "uuid": "6005987a-b90a-439a-b8fa-159f7eee5874",
              "title": "21 - Faça com que ao clicar no botão 'Enviar', o conteúdo do formulário seja substituído pelas informações preenchidas",
              "fullFile": "",
              "file": "",
              "beforeHooks": [],
              "afterHooks": [],
              "tests": [
                {
                  "title": "Deve haver um texto no modelo \"Nome: John Doe\" (substitua John Doe pelo nome e sobrenome preenchido no formulário)",
                  "fullTitle": "Trybewarts 21 - Faça com que ao clicar no botão 'Enviar', o conteúdo do formulário seja substituído pelas informações preenchidas Deve haver um texto no modelo \"Nome: John Doe\" (substitua John Doe pelo nome e sobrenome preenchido no formulário)",
                  "timedOut": null,
                  "duration": 2902,
                  "state": "passed",
                  "speed": "slow",
                  "pass": true,
                  "fail": false,
                  "pending": false,
                  "context": null,
                  "code": "cy.get('#evaluation-form').contains(\"Nome: \".concat(firstName, \" \").concat(lastName));",
                  "err": {},
                  "uuid": "f3691118-0486-4d8a-bfe1-471c6f2a68ab",
                  "parentUUID": "6005987a-b90a-439a-b8fa-159f7eee5874",
                  "isHook": false,
                  "skipped": false
                },
                {
                  "title": "Deve haver um texto no modelo \"Email: alguem@email.com\"",
                  "fullTitle": "Trybewarts 21 - Faça com que ao clicar no botão 'Enviar', o conteúdo do formulário seja substituído pelas informações preenchidas Deve haver um texto no modelo \"Email: alguem@email.com\"",
                  "timedOut": null,
                  "duration": 2452,
                  "state": "passed",
                  "speed": "slow",
                  "pass": true,
                  "fail": false,
                  "pending": false,
                  "context": null,
                  "code": "cy.get('#evaluation-form').contains(\"Email: \".concat(email));",
                  "err": {},
                  "uuid": "76cceeb4-3124-41f1-a553-6c00acaf4faf",
                  "parentUUID": "6005987a-b90a-439a-b8fa-159f7eee5874",
                  "isHook": false,
                  "skipped": false
                },
                {
                  "title": "Deve haver um texto no modelo \"Casa: -Casa marcada-\"",
                  "fullTitle": "Trybewarts 21 - Faça com que ao clicar no botão 'Enviar', o conteúdo do formulário seja substituído pelas informações preenchidas Deve haver um texto no modelo \"Casa: -Casa marcada-\"",
                  "timedOut": null,
                  "duration": 2568,
                  "state": "passed",
                  "speed": "slow",
                  "pass": true,
                  "fail": false,
                  "pending": false,
                  "context": null,
                  "code": "cy.get('#evaluation-form').contains(\"Casa: \".concat(house));",
                  "err": {},
                  "uuid": "99460d5a-8bdf-4824-836c-507afb7949ed",
                  "parentUUID": "6005987a-b90a-439a-b8fa-159f7eee5874",
                  "isHook": false,
                  "skipped": false
                },
                {
                  "title": "Deve haver um texto no modelo \"Família: -Família marcada-\"",
                  "fullTitle": "Trybewarts 21 - Faça com que ao clicar no botão 'Enviar', o conteúdo do formulário seja substituído pelas informações preenchidas Deve haver um texto no modelo \"Família: -Família marcada-\"",
                  "timedOut": null,
                  "duration": 2413,
                  "state": "passed",
                  "speed": "slow",
                  "pass": true,
                  "fail": false,
                  "pending": false,
                  "context": null,
                  "code": "cy.get('#evaluation-form').contains(\"Fam\\xEDlia: \".concat(family));",
                  "err": {},
                  "uuid": "b29fd069-8689-456d-b64e-e6e9663f4a8d",
                  "parentUUID": "6005987a-b90a-439a-b8fa-159f7eee5874",
                  "isHook": false,
                  "skipped": false
                },
                {
                  "title": "Deve haver um texto no modelo \"Matérias: -Matérias marcadas-\"",
                  "fullTitle": "Trybewarts 21 - Faça com que ao clicar no botão 'Enviar', o conteúdo do formulário seja substituído pelas informações preenchidas Deve haver um texto no modelo \"Matérias: -Matérias marcadas-\"",
                  "timedOut": null,
                  "duration": 2775,
                  "state": "passed",
                  "speed": "slow",
                  "pass": true,
                  "fail": false,
                  "pending": false,
                  "context": null,
                  "code": "cy.get('#evaluation-form').contains('Matérias: Jest, React, SQL');",
                  "err": {},
                  "uuid": "c262eea6-eb18-4bca-a5fc-3a613b8e06e4",
                  "parentUUID": "6005987a-b90a-439a-b8fa-159f7eee5874",
                  "isHook": false,
                  "skipped": false
                },
                {
                  "title": "Deve haver um texto no modelo \"Avaliação: -Nota marcada-\"",
                  "fullTitle": "Trybewarts 21 - Faça com que ao clicar no botão 'Enviar', o conteúdo do formulário seja substituído pelas informações preenchidas Deve haver um texto no modelo \"Avaliação: -Nota marcada-\"",
                  "timedOut": null,
                  "duration": 2580,
                  "state": "passed",
                  "speed": "slow",
                  "pass": true,
                  "fail": false,
                  "pending": false,
                  "context": null,
                  "code": "cy.get('#evaluation-form').contains(\"Avalia\\xE7\\xE3o: \".concat(rate));",
                  "err": {},
                  "uuid": "5439dafa-f3ca-4f67-a918-d444196be553",
                  "parentUUID": "6005987a-b90a-439a-b8fa-159f7eee5874",
                  "isHook": false,
                  "skipped": false
                },
                {
                  "title": "Deve haver um texto no modelo \"Observações: -Texto preenchido-\"",
                  "fullTitle": "Trybewarts 21 - Faça com que ao clicar no botão 'Enviar', o conteúdo do formulário seja substituído pelas informações preenchidas Deve haver um texto no modelo \"Observações: -Texto preenchido-\"",
                  "timedOut": null,
                  "duration": 2538,
                  "state": "passed",
                  "speed": "slow",
                  "pass": true,
                  "fail": false,
                  "pending": false,
                  "context": null,
                  "code": "cy.get('#evaluation-form').contains(\"Observa\\xE7\\xF5es: \".concat(observation));",
                  "err": {},
                  "uuid": "068ecb81-fb45-4dc0-8da5-ecda062f8815",
                  "parentUUID": "6005987a-b90a-439a-b8fa-159f7eee5874",
                  "isHook": false,
                  "skipped": false
                }
              ],
              "suites": [],
              "passes": [
                "f3691118-0486-4d8a-bfe1-471c6f2a68ab",
                "76cceeb4-3124-41f1-a553-6c00acaf4faf",
                "99460d5a-8bdf-4824-836c-507afb7949ed",
                "b29fd069-8689-456d-b64e-e6e9663f4a8d",
                "c262eea6-eb18-4bca-a5fc-3a613b8e06e4",
                "5439dafa-f3ca-4f67-a918-d444196be553",
                "068ecb81-fb45-4dc0-8da5-ecda062f8815"
              ],
              "failures": [],
              "pending": [],
              "skipped": [],
              "duration": 18228,
              "root": false,
              "rootEmpty": false,
              "_timeout": 2000
            }
          ],
          "passes": [],
          "failures": [],
          "pending": [],
          "skipped": [],
          "duration": 0,
          "root": false,
          "rootEmpty": false,
          "_timeout": 2000
        }
      ],
      "passes": [],
      "failures": [],
      "pending": [],
      "skipped": [],
      "duration": 0,
      "root": true,
      "rootEmpty": true,
      "_timeout": 2000
    }
  ],
  "meta": {
    "mocha": {
      "version": "7.0.1"
    },
    "mochawesome": {
      "options": {
        "quiet": false,
        "reportFilename": "mochawesome",
        "saveHtml": false,
        "saveJson": true,
        "consoleReporter": "spec",
        "useInlineDiffs": false,
        "code": true
      },
      "version": "6.2.2"
    },
    "marge": {
      "options": {
        "id": "default",
        "reportDir": "cypress/reports",
        "overwrite": false,
        "html": false,
        "json": true
      },
      "version": "5.2.0"
    }
  }
}